{"meta": {"format": 3, "version": "7.8.2", "timestamp": "2025-06-25T12:30:50.009204", "branch_coverage": true, "show_contexts": false}, "files": {"buscaminas.py": {"executed_lines": [1, 2, 3, 6, 7, 8, 11, 13, 15, 18, 19, 20, 21, 22, 23, 24, 25, 26, 28, 29, 30, 31, 32, 33, 34, 35, 36, 38, 39, 41, 42, 43, 44, 45, 46, 47, 48, 49, 50, 52, 53, 54, 55, 57, 58, 59, 60, 61, 62, 63, 64, 65, 66, 67, 69, 70, 71, 73, 74, 75, 76, 77, 79, 80, 81, 84, 94, 95, 96, 97, 98, 99, 100, 101, 103, 105, 106, 107, 108, 109, 110, 111, 113, 114, 115, 116, 117, 120, 121, 122, 123, 124, 127, 131, 132, 134, 135, 137, 138, 142, 143, 144, 146, 147, 148, 150, 152, 153, 155, 156, 158, 159, 161, 162, 164, 165, 167, 168, 169, 170, 171, 172, 173, 175, 176, 177, 179, 182, 187, 188, 190, 191, 192, 193, 194, 195, 196, 198, 199, 200, 201, 203, 204, 208, 211, 212, 214, 218, 221, 222, 223, 224, 225, 226, 227, 228, 229, 230, 231, 232, 233, 235, 239, 240, 244, 245, 247, 248, 249, 250, 251, 252, 253, 255, 256, 257, 258, 262, 263, 264, 265, 266, 267, 268, 269, 271, 272, 273, 274, 275, 276, 277, 278, 279, 285, 286, 287, 292, 299, 318, 327, 354, 382, 398, 416, 425, 445, 447, 452, 454, 456], "summary": {"covered_lines": 205, "num_statements": 367, "percent_covered": 54.52991452991453, "percent_covered_display": "55", "missing_lines": 162, "excluded_lines": 0, "num_branches": 218, "num_partial_branches": 4, "covered_branches": 114, "missing_branches": 104}, "missing_lines": [85, 86, 87, 88, 89, 90, 91, 92, 236, 237, 284, 288, 289, 291, 293, 294, 295, 296, 298, 300, 302, 303, 304, 305, 307, 308, 309, 311, 312, 313, 315, 317, 319, 320, 321, 322, 323, 324, 326, 328, 329, 330, 331, 332, 333, 334, 335, 336, 337, 338, 339, 340, 341, 342, 343, 344, 345, 346, 348, 349, 350, 353, 355, 356, 357, 358, 359, 360, 361, 362, 363, 364, 365, 366, 367, 368, 369, 370, 371, 372, 373, 375, 376, 377, 381, 383, 384, 385, 386, 387, 388, 389, 390, 391, 392, 393, 394, 397, 399, 400, 401, 402, 403, 404, 405, 406, 407, 408, 409, 410, 411, 415, 417, 418, 419, 420, 421, 424, 426, 427, 428, 429, 430, 432, 433, 434, 435, 436, 437, 438, 439, 440, 441, 443, 444, 446, 451, 453, 455, 457, 459, 461, 463, 465, 467, 469, 471, 472, 473, 474, 475, 476, 477, 478, 479, 480, 481, 482, 483, 484, 485, 488], "excluded_lines": [], "executed_branches": [[21, 22], [21, 26], [23, 24], [23, 25], [32, 33], [32, 36], [33, 32], [33, 34], [41, -39], [41, 42], [45, 46], [45, 50], [46, 45], [46, 47], [48, 46], [48, 49], [57, -53], [57, 58], [58, 57], [58, 59], [59, 58], [59, 60], [60, 58], [60, 61], [61, 60], [61, 62], [62, 61], [62, 63], [65, 61], [65, 66], [66, 61], [66, 67], [73, 74], [73, 81], [74, 73], [74, 75], [75, 76], [75, 79], [76, 74], [76, 77], [79, 74], [79, 80], [96, 97], [96, 101], [98, 99], [98, 100], [122, 123], [122, 124], [131, 132], [131, 134], [134, 135], [134, 137], [137, 138], [152, 153], [152, 179], [155, 156], [155, 158], [158, 159], [158, 161], [161, 162], [161, 164], [167, 152], [167, 168], [168, 152], [168, 169], [169, 168], [169, 170], [170, 171], [170, 172], [175, 169], [175, 176], [176, 169], [176, 177], [187, 188], [187, 190], [190, 191], [190, 198], [191, 192], [191, 195], [192, 191], [192, 193], [193, 192], [193, 194], [199, 200], [199, 203], [200, 199], [200, 201], [203, -182], [203, 204], [211, 212], [211, 214], [222, 223], [222, 225], [223, 222], [223, 224], [232, 233], [232, 235], [235, 239], [247, 248], [247, 255], [249, 250], [249, 253], [251, 249], [251, 252], [263, 264], [263, 275], [265, 266], [265, 274], [266, 267], [266, 268], [268, 269], [268, 271], [272, 265], [272, 273]], "missing_branches": [[88, 89], [88, 92], [89, 88], [89, 90], [90, 89], [90, 91], [137, -127], [235, 236], [302, 303], [302, 315], [303, 304], [303, 311], [304, 305], [304, 307], [307, 303], [307, 308], [311, 302], [311, 312], [321, 322], [321, 324], [322, 321], [322, 323], [330, 331], [330, 350], [331, 330], [331, 332], [334, 335], [334, 349], [335, 334], [335, 336], [337, 338], [337, 339], [339, 340], [339, 343], [343, 344], [343, 348], [357, 358], [357, 377], [358, 357], [358, 359], [361, 362], [361, 376], [362, 361], [362, 363], [364, 365], [364, 366], [366, 367], [366, 370], [370, 371], [370, 375], [386, 387], [386, 394], [388, 389], [388, 390], [390, 386], [390, 391], [391, 390], [391, 392], [392, 390], [392, 393], [403, 404], [403, 411], [405, 406], [405, 407], [407, 403], [407, 408], [408, 407], [408, 409], [409, 407], [409, 410], [416, 417], [416, 421], [417, 416], [417, 418], [418, 417], [418, 419], [419, 417], [419, 420], [426, 427], [426, 428], [428, 429], [428, 432], [429, 428], [429, 430], [433, 434], [433, 435], [435, 436], [435, 439], [436, 435], [436, 437], [437, 436], [437, 438], [440, 441], [440, 443], [471, 472], [471, 488], [476, 477], [476, 482], [477, 476], [477, 478], [478, 479], [478, 480], [480, 477], [480, 481]], "functions": {"existe_archivo": {"executed_lines": [15], "summary": {"covered_lines": 1, "num_statements": 1, "percent_covered": 100.0, "percent_covered_display": "100", "missing_lines": 0, "excluded_lines": 0, "num_branches": 0, "num_partial_branches": 0, "covered_branches": 0, "missing_branches": 0}, "missing_lines": [], "excluded_lines": [], "executed_branches": [], "missing_branches": []}, "crearTablaVacia": {"executed_lines": [20, 21, 22, 23, 24, 25, 26], "summary": {"covered_lines": 7, "num_statements": 7, "percent_covered": 100.0, "percent_covered_display": "100", "missing_lines": 0, "excluded_lines": 0, "num_branches": 4, "num_partial_branches": 0, "covered_branches": 4, "missing_branches": 0}, "missing_lines": [], "excluded_lines": [], "executed_branches": [[21, 22], [21, 26], [23, 24], [23, 25]], "missing_branches": []}, "sacarPosicionesTablero": {"executed_lines": [30, 31, 32, 33, 34, 35, 36], "summary": {"covered_lines": 7, "num_statements": 7, "percent_covered": 100.0, "percent_covered_display": "100", "missing_lines": 0, "excluded_lines": 0, "num_branches": 4, "num_partial_branches": 0, "covered_branches": 4, "missing_branches": 0}, "missing_lines": [], "excluded_lines": [], "executed_branches": [[32, 33], [32, 36], [33, 32], [33, 34]], "missing_branches": []}, "colocar_minas": {"executed_lines": [41, 42, 43, 44, 45, 46, 47, 48, 49, 50], "summary": {"covered_lines": 10, "num_statements": 10, "percent_covered": 100.0, "percent_covered_display": "100", "missing_lines": 0, "excluded_lines": 0, "num_branches": 8, "num_partial_branches": 0, "covered_branches": 8, "missing_branches": 0}, "missing_lines": [], "excluded_lines": [], "executed_branches": [[41, -39], [41, 42], [45, 46], [45, 50], [46, 45], [46, 47], [48, 46], [48, 49]], "missing_branches": []}, "calcular_numeros": {"executed_lines": [54, 55, 57, 58, 59, 60, 61, 62, 63, 64, 65, 66, 67], "summary": {"covered_lines": 13, "num_statements": 13, "percent_covered": 100.0, "percent_covered_display": "100", "missing_lines": 0, "excluded_lines": 0, "num_branches": 16, "num_partial_branches": 0, "covered_branches": 16, "missing_branches": 0}, "missing_lines": [], "excluded_lines": [], "executed_branches": [[57, -53], [57, 58], [58, 57], [58, 59], [59, 58], [59, 60], [60, 58], [60, 61], [61, 60], [61, 62], [62, 61], [62, 63], [65, 61], [65, 66], [66, 61], [66, 67]], "missing_branches": []}, "todas_celdas_seguras_descubiertas": {"executed_lines": [70, 71, 73, 74, 75, 76, 77, 79, 80, 81], "summary": {"covered_lines": 10, "num_statements": 10, "percent_covered": 100.0, "percent_covered_display": "100", "missing_lines": 0, "excluded_lines": 0, "num_branches": 10, "num_partial_branches": 0, "covered_branches": 10, "missing_branches": 0}, "missing_lines": [], "excluded_lines": [], "executed_branches": [[73, 74], [73, 81], [74, 73], [74, 75], [75, 76], [75, 79], [76, 74], [76, 77], [79, 74], [79, 80]], "missing_branches": []}, "cuantas_minas_existen": {"executed_lines": [], "summary": {"covered_lines": 0, "num_statements": 8, "percent_covered": 0.0, "percent_covered_display": "0", "missing_lines": 8, "excluded_lines": 0, "num_branches": 6, "num_partial_branches": 0, "covered_branches": 0, "missing_branches": 6}, "missing_lines": [85, 86, 87, 88, 89, 90, 91, 92], "excluded_lines": [], "executed_branches": [], "missing_branches": [[88, 89], [88, 92], [89, 88], [89, 90], [90, 89], [90, 91]]}, "crear_tabla_visible_vacia": {"executed_lines": [95, 96, 97, 98, 99, 100, 101], "summary": {"covered_lines": 7, "num_statements": 7, "percent_covered": 100.0, "percent_covered_display": "100", "missing_lines": 0, "excluded_lines": 0, "num_branches": 4, "num_partial_branches": 0, "covered_branches": 4, "missing_branches": 0}, "missing_lines": [], "excluded_lines": [], "executed_branches": [[96, 97], [96, 101], [98, 99], [98, 100]], "missing_branches": []}, "crear_juego": {"executed_lines": [106, 107, 108, 109, 110, 111, 113, 114, 115, 116, 117], "summary": {"covered_lines": 11, "num_statements": 11, "percent_covered": 100.0, "percent_covered_display": "100", "missing_lines": 0, "excluded_lines": 0, "num_branches": 0, "num_partial_branches": 0, "covered_branches": 0, "missing_branches": 0}, "missing_lines": [], "excluded_lines": [], "executed_branches": [], "missing_branches": []}, "obtener_estado_tablero_visible": {"executed_lines": [121, 122, 123, 124], "summary": {"covered_lines": 4, "num_statements": 4, "percent_covered": 100.0, "percent_covered_display": "100", "missing_lines": 0, "excluded_lines": 0, "num_branches": 2, "num_partial_branches": 0, "covered_branches": 2, "missing_branches": 0}, "missing_lines": [], "excluded_lines": [], "executed_branches": [[122, 123], [122, 124]], "missing_branches": []}, "marcar_celda": {"executed_lines": [131, 132, 134, 135, 137, 138], "summary": {"covered_lines": 6, "num_statements": 6, "percent_covered": 91.66666666666667, "percent_covered_display": "92", "missing_lines": 0, "excluded_lines": 0, "num_branches": 6, "num_partial_branches": 1, "covered_branches": 5, "missing_branches": 1}, "missing_lines": [], "excluded_lines": [], "executed_branches": [[131, 132], [131, 134], [134, 135], [134, 137], [137, 138]], "missing_branches": [[137, -127]]}, "caminos_descubiertos": {"executed_lines": [143, 144, 146, 147, 148, 150, 152, 153, 155, 156, 158, 159, 161, 162, 164, 165, 167, 168, 169, 170, 171, 172, 173, 175, 176, 177, 179], "summary": {"covered_lines": 27, "num_statements": 27, "percent_covered": 100.0, "percent_covered_display": "100", "missing_lines": 0, "excluded_lines": 0, "num_branches": 20, "num_partial_branches": 0, "covered_branches": 20, "missing_branches": 0}, "missing_lines": [], "excluded_lines": [], "executed_branches": [[152, 153], [152, 179], [155, 156], [155, 158], [158, 159], [158, 161], [161, 162], [161, 164], [167, 152], [167, 168], [168, 152], [168, 169], [169, 168], [169, 170], [170, 171], [170, 172], [175, 169], [175, 176], [176, 169], [176, 177]], "missing_branches": []}, "descubrir_celda": {"executed_lines": [187, 188, 190, 191, 192, 193, 194, 195, 196, 198, 199, 200, 201, 203, 204], "summary": {"covered_lines": 15, "num_statements": 15, "percent_covered": 100.0, "percent_covered_display": "100", "missing_lines": 0, "excluded_lines": 0, "num_branches": 16, "num_partial_branches": 0, "covered_branches": 16, "missing_branches": 0}, "missing_lines": [], "excluded_lines": [], "executed_branches": [[187, 188], [187, 190], [190, 191], [190, 198], [191, 192], [191, 195], [192, 191], [192, 193], [193, 192], [193, 194], [199, 200], [199, 203], [200, 199], [200, 201], [203, -182], [203, 204]], "missing_branches": []}, "verificar_victoria": {"executed_lines": [211, 212, 214], "summary": {"covered_lines": 3, "num_statements": 3, "percent_covered": 100.0, "percent_covered_display": "100", "missing_lines": 0, "excluded_lines": 0, "num_branches": 2, "num_partial_branches": 0, "covered_branches": 2, "missing_branches": 0}, "missing_lines": [], "excluded_lines": [], "executed_branches": [[211, 212], [211, 214]], "missing_branches": []}, "reiniciar_juego": {"executed_lines": [221, 222, 223, 224, 225, 226, 227, 228, 229, 230, 231, 232, 233, 235, 239, 240], "summary": {"covered_lines": 16, "num_statements": 18, "percent_covered": 88.46153846153847, "percent_covered_display": "88", "missing_lines": 2, "excluded_lines": 0, "num_branches": 8, "num_partial_branches": 1, "covered_branches": 7, "missing_branches": 1}, "missing_lines": [236, 237], "excluded_lines": [], "executed_branches": [[222, 223], [222, 225], [223, 222], [223, 224], [232, 233], [232, 235], [235, 239]], "missing_branches": [[235, 236]]}, "guardar_estado": {"executed_lines": [245, 247, 248, 249, 250, 251, 252, 253, 255, 256, 257, 258, 262, 263, 264, 265, 266, 267, 268, 269, 271, 272, 273, 274, 275, 276, 277, 278, 279], "summary": {"covered_lines": 29, "num_statements": 29, "percent_covered": 100.0, "percent_covered_display": "100", "missing_lines": 0, "excluded_lines": 0, "num_branches": 16, "num_partial_branches": 0, "covered_branches": 16, "missing_branches": 0}, "missing_lines": [], "excluded_lines": [], "executed_branches": [[247, 248], [247, 255], [249, 250], [249, 253], [251, 249], [251, 252], [263, 264], [263, 275], [265, 266], [265, 274], [266, 267], [266, 268], [268, 269], [268, 271], [272, 265], [272, 273]], "missing_branches": []}, "contar_lineas": {"executed_lines": [285, 286, 287], "summary": {"covered_lines": 3, "num_statements": 5, "percent_covered": 60.0, "percent_covered_display": "60", "missing_lines": 2, "excluded_lines": 0, "num_branches": 0, "num_partial_branches": 0, "covered_branches": 0, "missing_branches": 0}, "missing_lines": [288, 289], "excluded_lines": [], "executed_branches": [], "missing_branches": []}, "mostrar_lineas": {"executed_lines": [292], "summary": {"covered_lines": 1, "num_statements": 5, "percent_covered": 20.0, "percent_covered_display": "20", "missing_lines": 4, "excluded_lines": 0, "num_branches": 0, "num_partial_branches": 0, "covered_branches": 0, "missing_branches": 0}, "missing_lines": [293, 294, 295, 296], "excluded_lines": [], "executed_branches": [], "missing_branches": []}, "palabras_a_lista": {"executed_lines": [299], "summary": {"covered_lines": 1, "num_statements": 13, "percent_covered": 4.3478260869565215, "percent_covered_display": "4", "missing_lines": 12, "excluded_lines": 0, "num_branches": 10, "num_partial_branches": 0, "covered_branches": 0, "missing_branches": 10}, "missing_lines": [300, 302, 303, 304, 305, 307, 308, 309, 311, 312, 313, 315], "excluded_lines": [], "executed_branches": [], "missing_branches": [[302, 303], [302, 315], [303, 304], [303, 311], [304, 305], [304, 307], [307, 303], [307, 308], [311, 302], [311, 312]]}, "cantidad_comas": {"executed_lines": [318], "summary": {"covered_lines": 1, "num_statements": 7, "percent_covered": 9.090909090909092, "percent_covered_display": "9", "missing_lines": 6, "excluded_lines": 0, "num_branches": 4, "num_partial_branches": 0, "covered_branches": 0, "missing_branches": 4}, "missing_lines": [319, 320, 321, 322, 323, 324], "excluded_lines": [], "executed_branches": [], "missing_branches": [[321, 322], [321, 324], [322, 321], [322, 323]]}, "pasar_tablero_archivo_a_tablero_real": {"executed_lines": [327], "summary": {"covered_lines": 1, "num_statements": 23, "percent_covered": 2.7027027027027026, "percent_covered_display": "3", "missing_lines": 22, "excluded_lines": 0, "num_branches": 14, "num_partial_branches": 0, "covered_branches": 0, "missing_branches": 14}, "missing_lines": [328, 329, 330, 331, 332, 333, 334, 335, 336, 337, 338, 339, 340, 341, 342, 343, 344, 345, 346, 348, 349, 350], "excluded_lines": [], "executed_branches": [], "missing_branches": [[330, 331], [330, 350], [331, 330], [331, 332], [334, 335], [334, 349], [335, 334], [335, 336], [337, 338], [337, 339], [339, 340], [339, 343], [343, 344], [343, 348]]}, "pasar_tablero_archivo_a_tablero_visible_real": {"executed_lines": [354], "summary": {"covered_lines": 1, "num_statements": 23, "percent_covered": 2.7027027027027026, "percent_covered_display": "3", "missing_lines": 22, "excluded_lines": 0, "num_branches": 14, "num_partial_branches": 0, "covered_branches": 0, "missing_branches": 14}, "missing_lines": [355, 356, 357, 358, 359, 360, 361, 362, 363, 364, 365, 366, 367, 368, 369, 370, 371, 372, 373, 375, 376, 377], "excluded_lines": [], "executed_branches": [], "missing_branches": [[357, 358], [357, 377], [358, 357], [358, 359], [361, 362], [361, 376], [362, 361], [362, 363], [364, 365], [364, 366], [366, 367], [366, 370], [370, 371], [370, 375]]}, "chequear_valores_separados_coma_tab_int": {"executed_lines": [382], "summary": {"covered_lines": 1, "num_statements": 13, "percent_covered": 4.3478260869565215, "percent_covered_display": "4", "missing_lines": 12, "excluded_lines": 0, "num_branches": 10, "num_partial_branches": 0, "covered_branches": 0, "missing_branches": 10}, "missing_lines": [383, 384, 385, 386, 387, 388, 389, 390, 391, 392, 393, 394], "excluded_lines": [], "executed_branches": [], "missing_branches": [[386, 387], [386, 394], [388, 389], [388, 390], [390, 386], [390, 391], [391, 390], [391, 392], [392, 390], [392, 393]]}, "chequear_valores_separados_coma_tab_vis": {"executed_lines": [398], "summary": {"covered_lines": 1, "num_statements": 14, "percent_covered": 4.166666666666667, "percent_covered_display": "4", "missing_lines": 13, "excluded_lines": 0, "num_branches": 10, "num_partial_branches": 0, "covered_branches": 0, "missing_branches": 10}, "missing_lines": [399, 400, 401, 402, 403, 404, 405, 406, 407, 408, 409, 410, 411], "excluded_lines": [], "executed_branches": [], "missing_branches": [[403, 404], [403, 411], [405, 406], [405, 407], [407, 403], [407, 408], [408, 407], [408, 409], [409, 407], [409, 410]]}, "chequear_numeros_iguales_en_tableros": {"executed_lines": [416], "summary": {"covered_lines": 1, "num_statements": 6, "percent_covered": 7.142857142857143, "percent_covered_display": "7", "missing_lines": 5, "excluded_lines": 0, "num_branches": 8, "num_partial_branches": 2, "covered_branches": 0, "missing_branches": 8}, "missing_lines": [417, 418, 419, 420, 421], "excluded_lines": [], "executed_branches": [], "missing_branches": [[416, 417], [416, 421], [417, 416], [417, 418], [418, 417], [418, 419], [419, 417], [419, 420]]}, "chequear_si_tablerotxt_correcto": {"executed_lines": [], "summary": {"covered_lines": 0, "num_statements": 16, "percent_covered": 0.0, "percent_covered_display": "0", "missing_lines": 16, "excluded_lines": 0, "num_branches": 16, "num_partial_branches": 0, "covered_branches": 0, "missing_branches": 16}, "missing_lines": [426, 427, 428, 429, 430, 432, 433, 434, 435, 436, 437, 438, 439, 440, 441, 443], "excluded_lines": [], "executed_branches": [], "missing_branches": [[426, 427], [426, 428], [428, 429], [428, 432], [429, 428], [429, 430], [433, 434], [433, 435], [435, 436], [435, 439], [436, 435], [436, 437], [437, 436], [437, 438], [440, 441], [440, 443]]}, "cargar_estado": {"executed_lines": [447, 452, 454, 456], "summary": {"covered_lines": 0, "num_statements": 27, "percent_covered": 0.0, "percent_covered_display": "0", "missing_lines": 27, "excluded_lines": 0, "num_branches": 10, "num_partial_branches": 0, "covered_branches": 0, "missing_branches": 10}, "missing_lines": [446, 451, 453, 455, 457, 459, 461, 463, 465, 467, 469, 471, 472, 473, 474, 475, 476, 477, 478, 479, 480, 481, 482, 483, 484, 485, 488], "excluded_lines": [], "executed_branches": [], "missing_branches": [[471, 472], [471, 488], [476, 477], [476, 482], [477, 476], [477, 478], [478, 479], [478, 480], [480, 477], [480, 481]]}, "": {"executed_lines": [1, 2, 3, 6, 7, 8, 11, 13, 18, 19, 28, 29, 38, 39, 52, 53, 69, 84, 94, 103, 105, 120, 127, 142, 182, 208, 218, 244, 425, 445], "summary": {"covered_lines": 28, "num_statements": 39, "percent_covered": 71.7948717948718, "percent_covered_display": "72", "missing_lines": 11, "excluded_lines": 0, "num_branches": 0, "num_partial_branches": 0, "covered_branches": 0, "missing_branches": 0}, "missing_lines": [284, 291, 298, 317, 326, 353, 381, 397, 415, 424, 444], "excluded_lines": [], "executed_branches": [], "missing_branches": []}}, "classes": {"": {"executed_lines": [1, 2, 3, 6, 7, 8, 11, 13, 15, 18, 19, 20, 21, 22, 23, 24, 25, 26, 28, 29, 30, 31, 32, 33, 34, 35, 36, 38, 39, 41, 42, 43, 44, 45, 46, 47, 48, 49, 50, 52, 53, 54, 55, 57, 58, 59, 60, 61, 62, 63, 64, 65, 66, 67, 69, 70, 71, 73, 74, 75, 76, 77, 79, 80, 81, 84, 94, 95, 96, 97, 98, 99, 100, 101, 103, 105, 106, 107, 108, 109, 110, 111, 113, 114, 115, 116, 117, 120, 121, 122, 123, 124, 127, 131, 132, 134, 135, 137, 138, 142, 143, 144, 146, 147, 148, 150, 152, 153, 155, 156, 158, 159, 161, 162, 164, 165, 167, 168, 169, 170, 171, 172, 173, 175, 176, 177, 179, 182, 187, 188, 190, 191, 192, 193, 194, 195, 196, 198, 199, 200, 201, 203, 204, 208, 211, 212, 214, 218, 221, 222, 223, 224, 225, 226, 227, 228, 229, 230, 231, 232, 233, 235, 239, 240, 244, 245, 247, 248, 249, 250, 251, 252, 253, 255, 256, 257, 258, 262, 263, 264, 265, 266, 267, 268, 269, 271, 272, 273, 274, 275, 276, 277, 278, 279, 285, 286, 287, 292, 299, 318, 327, 354, 382, 398, 416, 425, 445, 447, 452, 454, 456], "summary": {"covered_lines": 205, "num_statements": 367, "percent_covered": 54.52991452991453, "percent_covered_display": "55", "missing_lines": 162, "excluded_lines": 0, "num_branches": 218, "num_partial_branches": 4, "covered_branches": 114, "missing_branches": 104}, "missing_lines": [85, 86, 87, 88, 89, 90, 91, 92, 236, 237, 284, 288, 289, 291, 293, 294, 295, 296, 298, 300, 302, 303, 304, 305, 307, 308, 309, 311, 312, 313, 315, 317, 319, 320, 321, 322, 323, 324, 326, 328, 329, 330, 331, 332, 333, 334, 335, 336, 337, 338, 339, 340, 341, 342, 343, 344, 345, 346, 348, 349, 350, 353, 355, 356, 357, 358, 359, 360, 361, 362, 363, 364, 365, 366, 367, 368, 369, 370, 371, 372, 373, 375, 376, 377, 381, 383, 384, 385, 386, 387, 388, 389, 390, 391, 392, 393, 394, 397, 399, 400, 401, 402, 403, 404, 405, 406, 407, 408, 409, 410, 411, 415, 417, 418, 419, 420, 421, 424, 426, 427, 428, 429, 430, 432, 433, 434, 435, 436, 437, 438, 439, 440, 441, 443, 444, 446, 451, 453, 455, 457, 459, 461, 463, 465, 467, 469, 471, 472, 473, 474, 475, 476, 477, 478, 479, 480, 481, 482, 483, 484, 485, 488], "excluded_lines": [], "executed_branches": [[21, 22], [21, 26], [23, 24], [23, 25], [32, 33], [32, 36], [33, 32], [33, 34], [41, -39], [41, 42], [45, 46], [45, 50], [46, 45], [46, 47], [48, 46], [48, 49], [57, -53], [57, 58], [58, 57], [58, 59], [59, 58], [59, 60], [60, 58], [60, 61], [61, 60], [61, 62], [62, 61], [62, 63], [65, 61], [65, 66], [66, 61], [66, 67], [73, 74], [73, 81], [74, 73], [74, 75], [75, 76], [75, 79], [76, 74], [76, 77], [79, 74], [79, 80], [96, 97], [96, 101], [98, 99], [98, 100], [122, 123], [122, 124], [131, 132], [131, 134], [134, 135], [134, 137], [137, 138], [152, 153], [152, 179], [155, 156], [155, 158], [158, 159], [158, 161], [161, 162], [161, 164], [167, 152], [167, 168], [168, 152], [168, 169], [169, 168], [169, 170], [170, 171], [170, 172], [175, 169], [175, 176], [176, 169], [176, 177], [187, 188], [187, 190], [190, 191], [190, 198], [191, 192], [191, 195], [192, 191], [192, 193], [193, 192], [193, 194], [199, 200], [199, 203], [200, 199], [200, 201], [203, -182], [203, 204], [211, 212], [211, 214], [222, 223], [222, 225], [223, 222], [223, 224], [232, 233], [232, 235], [235, 239], [247, 248], [247, 255], [249, 250], [249, 253], [251, 249], [251, 252], [263, 264], [263, 275], [265, 266], [265, 274], [266, 267], [266, 268], [268, 269], [268, 271], [272, 265], [272, 273]], "missing_branches": [[88, 89], [88, 92], [89, 88], [89, 90], [90, 89], [90, 91], [137, -127], [235, 236], [302, 303], [302, 315], [303, 304], [303, 311], [304, 305], [304, 307], [307, 303], [307, 308], [311, 302], [311, 312], [321, 322], [321, 324], [322, 321], [322, 323], [330, 331], [330, 350], [331, 330], [331, 332], [334, 335], [334, 349], [335, 334], [335, 336], [337, 338], [337, 339], [339, 340], [339, 343], [343, 344], [343, 348], [357, 358], [357, 377], [358, 357], [358, 359], [361, 362], [361, 376], [362, 361], [362, 363], [364, 365], [364, 366], [366, 367], [366, 370], [370, 371], [370, 375], [386, 387], [386, 394], [388, 389], [388, 390], [390, 386], [390, 391], [391, 390], [391, 392], [392, 390], [392, 393], [403, 404], [403, 411], [405, 406], [405, 407], [407, 403], [407, 408], [408, 407], [408, 409], [409, 407], [409, 410], [416, 417], [416, 421], [417, 416], [417, 418], [418, 417], [418, 419], [419, 417], [419, 420], [426, 427], [426, 428], [428, 429], [428, 432], [429, 428], [429, 430], [433, 434], [433, 435], [435, 436], [435, 439], [436, 435], [436, 437], [437, 436], [437, 438], [440, 441], [440, 443], [471, 472], [471, 488], [476, 477], [476, 482], [477, 476], [477, 478], [478, 479], [478, 480], [480, 477], [480, 481]]}}}}, "totals": {"covered_lines": 205, "num_statements": 367, "percent_covered": 54.52991452991453, "percent_covered_display": "55", "missing_lines": 162, "excluded_lines": 0, "num_branches": 218, "num_partial_branches": 4, "covered_branches": 114, "missing_branches": 104}}